2019-10-09 16:37:56,801 Instabot Started
2019-10-09 16:37:58,640 Going to like media with hashtag #cinematography.
2019-10-09 16:38:02,085 Going to like 2 medias.
2019-10-09 16:38:23,088 DONE: Total liked 0 medias.
2019-10-09 16:38:33,095 Going to like media with hashtag #cinematography.
2019-10-09 16:38:36,112 Going to like 2 medias.
2019-10-09 16:38:57,092 DONE: Total liked 0 medias.
2019-10-09 16:39:07,099 Going to like media with hashtag #film.
2019-10-09 16:39:10,400 Going to like 2 medias.
2019-10-09 16:39:31,376 DONE: Total liked 0 medias.
2019-10-09 16:39:41,383 Going to like media with hashtag #cinematographer.
2019-10-09 16:39:45,447 Going to like 2 medias.
2019-10-09 16:40:06,406 DONE: Total liked 0 medias.
2019-10-09 16:40:16,416 Going to like media with hashtag #cinematographer.
2019-10-09 16:40:21,084 Going to like 2 medias.
2019-10-09 16:40:42,060 DONE: Total liked 0 medias.
2019-10-09 16:40:52,067 Going to like media with hashtag #filmmaking.
2019-10-09 16:40:55,375 Going to like 2 medias.
2019-10-09 16:41:16,380 DONE: Total liked 0 medias.
2019-10-09 16:41:26,387 Going to like media with hashtag #dp.
2019-10-09 16:41:29,785 Going to like 2 medias.
2019-10-09 16:41:50,704 DONE: Total liked 0 medias.
2019-10-09 16:42:00,711 Going to like media with hashtag #cinematography.
2019-10-09 16:42:03,599 Going to like 2 medias.
2019-10-09 16:42:24,632 DONE: Total liked 0 medias.
2019-10-09 16:42:34,639 Going to like media with hashtag #dp.
2019-10-09 16:42:37,999 Going to like 2 medias.
2019-10-09 16:42:59,000 DONE: Total liked 0 medias.
2019-10-09 16:43:09,007 Going to like media with hashtag #cinematography.
2019-10-09 16:43:12,307 Going to like 2 medias.
2019-10-09 16:43:33,288 DONE: Total liked 0 medias.
2019-10-09 16:43:42,336 Total requests: 138
