2019-10-09 16:54:54,892 Instabot Started
2019-10-09 16:54:57,146 Going to like media with hashtag #cinematographer.
2019-10-09 16:55:01,339 Going to like 81 medias.
2019-10-09 17:02:30,259 Liked media 2151143144744640352_10436054140.
2019-10-09 17:05:28,537 Liked media 2151138001244525455_7537754730.
2019-10-09 17:07:23,532 Liked media 2151134205542549529_3504098286.
2019-10-09 17:09:30,303 Liked media 1988915137138307881_5564713959.
2019-10-09 17:09:30,304 DONE: Total liked 6 medias.
2019-10-09 17:14:30,403 Going to like media with hashtag #film.
2019-10-09 17:14:34,128 Going to like 83 medias.
2019-10-09 17:26:57,040 Liked media 2151125101721356688_7184927952.
2019-10-09 17:27:04,899 Liked media 2151118282713753811_4519659263.
2019-10-09 17:27:54,282 Liked media 2149771247189678443_549032524.
2019-10-09 17:28:21,520 Liked media 2148073698285022999_2157529849.
2019-10-09 17:28:56,375 DONE: Total liked 10 medias.
2019-10-09 17:33:56,475 Going to like media with hashtag #cinematography.
2019-10-09 17:34:00,364 Going to like 83 medias.
2019-10-09 17:43:35,439 Liked media 2151171870174855635_2536744734.
2019-10-09 17:47:13,860 Liked media 2151105110502379009_493445257.
2019-10-09 17:47:34,957 Liked media 2150999674333624317_7969709722.
2019-10-09 17:48:36,708 Liked media 2124393412296684471_3061472684.
2019-10-09 17:48:36,709 DONE: Total liked 14 medias.
2019-10-09 17:53:36,810 Going to like media with hashtag #cinematography.
2019-10-09 17:53:40,751 Going to like 79 medias.
2019-10-09 18:01:14,700 Liked media 2151182695588988133_626917618.
2019-10-09 18:04:39,603 Liked media 2151151244557817543_4563812616.
2019-10-09 18:05:13,807 Liked media 2150937313018886309_10136935543.
2019-10-09 18:05:33,312 Liked media 2141947219133935174_10136935543.
2019-10-09 18:05:55,997 Liked media 2134694568252110889_10136935543.
2019-10-09 18:06:02,549 Liked media 2133768920943683243_10136935543.
2019-10-09 18:06:11,254 Liked media 2133766072910951045_10136935543.
2019-10-09 18:06:22,968 Liked media 2123051344049873131_4867206292.
2019-10-09 18:06:29,426 Liked media 2113359885595931514_4867206292.
2019-10-09 18:06:36,241 Liked media 2106867738694400039_10136935543.
2019-10-09 18:06:46,583 Liked media 2097810073959898713_10136935543.
2019-10-09 18:06:50,475 Liked media 2094641603915069540_10136935543.
2019-10-09 18:06:55,083 Liked media 2094641380333453333_10136935543.
2019-10-09 18:07:01,975 Liked media 2072852056080560370_10136935543.
2019-10-09 18:07:01,977 DONE: Total liked 28 medias.
2019-10-09 18:12:02,075 Going to like media with hashtag #film.
2019-10-09 18:12:05,370 Going to like 86 medias.
2019-10-09 18:26:42,491 Total likes: 28/1000
2019-10-09 18:26:42,492 Total requests: 1353
